5	7	343	-612	-924	-269
3	-169	-880	-286
10	-286	-108	718	-385	-713	496	-436	183	-12	895
10	-878	2	473	251	-684	-908	71	869	-809	755
6	-107	-267	-701	-114	-901	-735
5	95	-815	611	662	-874
0
2	-688	910
8	-217	-427	-313	-733	-272	-311	467	-868
9	-168	-777	-928	589	-192	-436	-782	675	660
3	-425	871	481
3	1	-383	-699
10	-140	-371	297	-244	-664	-726	256	966	328	-110
6	-764	475	224	315	141	13
5	618	856	-444	-83	106
5	-771	799	247	-688	-665
4	760	968	-285	232
4	583	-446	-776	65
6	233	658	-290	368	-15	-543
7	145	372	-336	448	370	780	909
5	20	105	172	6	-817
10	835	480	404	652	-380	62	-747	-711	-117	442
0
10	-720	-423	-283	-846	474	196	770	971	647	398
7	926	-309	147	-305	-595	-489	-732
8	997	379	358	-915	521	-851	-578	-798
3	-881	-393	-324
3	522	708	273
4	870	965	-215	755
4	-882	967	913	618
